13:10:59.616 [Test worker] DEBUG com.intuit.karate.Suite - [config] classpath:karate-config.js
13:11:02.248 [Test worker] DEBUG com.intuit.karate - request:
1 > GET http://api.geonames.org/timezoneJSON?lng=-72&formatted=true&lat=4&username=karate
1 > Host: api.geonames.org
1 > Connection: Keep-Alive
1 > User-Agent: Apache-HttpClient/4.5.13 (Java/11.0.14.1)
1 > Accept-Encoding: gzip,deflate


13:11:03.195 [Test worker] DEBUG com.intuit.karate - response time in milliseconds: 945
1 < 200
1 < Date: Tue, 02 Jan 2024 19:11:03 GMT
1 < Server: Apache/2.4.6 (CentOS) mod_jk/1.2.41 OpenSSL/1.0.1e-fips PHP/5.4.16
1 < Access-Control-Allow-Origin: *
1 < X-Frame-Options: sameorigin
1 < Cache-Control: no-cache
1 < Keep-Alive: timeout=5, max=100
1 < Connection: Keep-Alive
1 < Transfer-Encoding: chunked
1 < Content-Type: application/json;charset=UTF-8
{
  "sunrise": "2024-01-02 05:54",
  "lng": -72,
  "countryCode": "CO",
  "gmtOffset": -5,
  "rawOffset": -5,
  "sunset": "2024-01-02 17:48",
  "timezoneId": "America/Bogota",
  "dstOffset": -5,
  "countryName": "Colombia",
  "time": "2024-01-02 14:11",
  "lat": 4
}

13:11:03.245 [Test worker] DEBUG com.intuit.karate - request:
1 > GET http://api.geonames.org/timezoneJSON?lng=-8&formatted=true&lat=8&username=karate
1 > Host: api.geonames.org
1 > Connection: Keep-Alive
1 > User-Agent: Apache-HttpClient/4.5.13 (Java/11.0.14.1)
1 > Accept-Encoding: gzip,deflate


13:11:03.681 [Test worker] DEBUG com.intuit.karate - response time in milliseconds: 436
1 < 200
1 < Date: Tue, 02 Jan 2024 19:11:03 GMT
1 < Server: Apache/2.4.6 (CentOS) mod_jk/1.2.41 OpenSSL/1.0.1e-fips PHP/5.4.16
1 < Access-Control-Allow-Origin: *
1 < X-Frame-Options: sameorigin
1 < Cache-Control: no-cache
1 < Keep-Alive: timeout=5, max=100
1 < Connection: Keep-Alive
1 < Transfer-Encoding: chunked
1 < Content-Type: application/json;charset=UTF-8
{
  "sunrise": "2024-01-02 06:45",
  "lng": -8,
  "countryCode": "CI",
  "gmtOffset": 0,
  "rawOffset": 0,
  "sunset": "2024-01-02 18:25",
  "timezoneId": "Africa/Abidjan",
  "dstOffset": 0,
  "countryName": "Ivory Coast",
  "time": "2024-01-02 19:11",
  "lat": 8
}

13:11:03.725 [Test worker] DEBUG com.intuit.karate - request:
1 > GET http://api.geonames.org/timezoneJSON?lng=-72.5&formatted=true&lat=4.2&username=karate
1 > Host: api.geonames.org
1 > Connection: Keep-Alive
1 > User-Agent: Apache-HttpClient/4.5.13 (Java/11.0.14.1)
1 > Accept-Encoding: gzip,deflate


13:11:04.097 [Test worker] DEBUG com.intuit.karate - response time in milliseconds: 371
1 < 200
1 < Date: Tue, 02 Jan 2024 19:11:03 GMT
1 < Server: Apache/2.4.6 (CentOS) mod_jk/1.2.41 OpenSSL/1.0.1e-fips PHP/5.4.16
1 < Access-Control-Allow-Origin: *
1 < X-Frame-Options: sameorigin
1 < Cache-Control: no-cache
1 < Keep-Alive: timeout=5, max=100
1 < Connection: Keep-Alive
1 < Transfer-Encoding: chunked
1 < Content-Type: application/json;charset=UTF-8
{
  "sunrise": "2024-01-02 05:57",
  "lng": -72.5,
  "countryCode": "CO",
  "gmtOffset": -5,
  "rawOffset": -5,
  "sunset": "2024-01-02 17:50",
  "timezoneId": "America/Bogota",
  "dstOffset": -5,
  "countryName": "Colombia",
  "time": "2024-01-02 14:11",
  "lat": 4.2
}

13:11:04.135 [Test worker] DEBUG com.intuit.karate - request:
1 > GET http://api.geonames.org/timezoneJSON?lng=-72&formatted=true&lat=0&username=karate
1 > Host: api.geonames.org
1 > Connection: Keep-Alive
1 > User-Agent: Apache-HttpClient/4.5.13 (Java/11.0.14.1)
1 > Accept-Encoding: gzip,deflate


13:11:04.602 [Test worker] DEBUG com.intuit.karate - response time in milliseconds: 463
1 < 200
1 < Date: Tue, 02 Jan 2024 19:11:04 GMT
1 < Server: Apache/2.4.6 (CentOS) mod_jk/1.2.41 OpenSSL/1.0.1e-fips PHP/5.4.16
1 < Access-Control-Allow-Origin: *
1 < X-Frame-Options: sameorigin
1 < Cache-Control: no-cache
1 < Keep-Alive: timeout=5, max=100
1 < Connection: Keep-Alive
1 < Transfer-Encoding: chunked
1 < Content-Type: application/json;charset=UTF-8
{
  "sunrise": "2024-01-02 05:48",
  "lng": -72,
  "countryCode": "CO",
  "gmtOffset": -5,
  "rawOffset": -5,
  "sunset": "2024-01-02 17:55",
  "timezoneId": "America/Bogota",
  "dstOffset": -5,
  "countryName": "Colombia",
  "time": "2024-01-02 14:11",
  "lat": 0
}

13:11:04.679 [Test worker] DEBUG com.intuit.karate - request:
1 > GET http://api.geonames.org/timezoneJSON?lng=-8f&formatted=true&lat=8&username=karate
1 > Host: api.geonames.org
1 > Connection: Keep-Alive
1 > User-Agent: Apache-HttpClient/4.5.13 (Java/11.0.14.1)
1 > Accept-Encoding: gzip,deflate


13:11:05.075 [Test worker] DEBUG com.intuit.karate - response time in milliseconds: 395
1 < 200
1 < Date: Tue, 02 Jan 2024 19:11:04 GMT
1 < Server: Apache/2.4.6 (CentOS) mod_jk/1.2.41 OpenSSL/1.0.1e-fips PHP/5.4.16
1 < Access-Control-Allow-Origin: *
1 < X-Frame-Options: sameorigin
1 < Cache-Control: no-cache
1 < Keep-Alive: timeout=5, max=100
1 < Connection: Keep-Alive
1 < Transfer-Encoding: chunked
1 < Content-Type: application/json;charset=UTF-8
{
  "sunrise": "2024-01-02 06:45",
  "lng": -8,
  "countryCode": "CI",
  "gmtOffset": 0,
  "rawOffset": 0,
  "sunset": "2024-01-02 18:25",
  "timezoneId": "Africa/Abidjan",
  "dstOffset": 0,
  "countryName": "Ivory Coast",
  "time": "2024-01-02 19:11",
  "lat": 8
}

13:11:05.101 [Test worker] DEBUG com.intuit.karate - request:
1 > GET http://api.geonames.org/timezoneJSON?lng=80&formatted=true&lat=-75&username=karate
1 > Host: api.geonames.org
1 > Connection: Keep-Alive
1 > User-Agent: Apache-HttpClient/4.5.13 (Java/11.0.14.1)
1 > Accept-Encoding: gzip,deflate


13:11:05.420 [Test worker] DEBUG com.intuit.karate - response time in milliseconds: 319
1 < 200
1 < Date: Tue, 02 Jan 2024 19:11:05 GMT
1 < Server: Apache/2.4.6 (CentOS) mod_jk/1.2.41 OpenSSL/1.0.1e-fips PHP/5.4.16
1 < Access-Control-Allow-Origin: *
1 < X-Frame-Options: sameorigin
1 < Cache-Control: no-cache
1 < Keep-Alive: timeout=5, max=100
1 < Connection: Keep-Alive
1 < Transfer-Encoding: chunked
1 < Content-Type: application/json;charset=UTF-8
{
  "lng": 80,
  "countryCode": "AQ",
  "gmtOffset": 7,
  "rawOffset": 7,
  "timezoneId": "Antarctica/Davis",
  "dstOffset": 7,
  "countryName": "Antarctica",
  "time": "2024-01-03 02:11",
  "lat": -75
}

13:11:05.473 [Test worker] DEBUG com.intuit.karate - request:
1 > GET http://api.geonames.org/timezoneJSON?lng=-74&formatted=true&lat=4&username=karate
1 > Host: api.geonames.org
1 > Connection: Keep-Alive
1 > User-Agent: Apache-HttpClient/4.5.13 (Java/11.0.14.1)
1 > Accept-Encoding: gzip,deflate


13:11:05.898 [Test worker] DEBUG com.intuit.karate - response time in milliseconds: 425
1 < 200
1 < Date: Tue, 02 Jan 2024 19:11:05 GMT
1 < Server: Apache/2.4.6 (CentOS) mod_jk/1.2.41 OpenSSL/1.0.1e-fips PHP/5.4.16
1 < Access-Control-Allow-Origin: *
1 < X-Frame-Options: sameorigin
1 < Cache-Control: no-cache
1 < Keep-Alive: timeout=5, max=100
1 < Connection: Keep-Alive
1 < Transfer-Encoding: chunked
1 < Content-Type: application/json;charset=UTF-8
{
  "sunrise": "2024-01-02 06:02",
  "lng": -74,
  "countryCode": "CO",
  "gmtOffset": -5,
  "rawOffset": -5,
  "sunset": "2024-01-02 17:56",
  "timezoneId": "America/Bogota",
  "dstOffset": -5,
  "countryName": "Colombia",
  "time": "2024-01-02 14:11",
  "lat": 4
}

13:11:05.968 [Test worker] DEBUG com.intuit.karate - request:
1 > GET http://api.geonames.org/timezoneJSON?lng=-72&formatted=true&lat=%C3%B1&username=karate
1 > Host: api.geonames.org
1 > Connection: Keep-Alive
1 > User-Agent: Apache-HttpClient/4.5.13 (Java/11.0.14.1)
1 > Accept-Encoding: gzip,deflate


13:11:06.360 [Test worker] DEBUG com.intuit.karate - response time in milliseconds: 391
1 < 200
1 < Date: Tue, 02 Jan 2024 19:11:06 GMT
1 < Server: Apache/2.4.6 (CentOS) mod_jk/1.2.41 OpenSSL/1.0.1e-fips PHP/5.4.16
1 < Access-Control-Allow-Origin: *
1 < X-Frame-Options: sameorigin
1 < Cache-Control: no-cache
1 < Content-Length: 69
1 < Keep-Alive: timeout=5, max=100
1 < Connection: Keep-Alive
1 < Content-Type: application/json;charset=UTF-8
{"status": {
  "message": "error parsing parameter",
  "value": 14
}}

13:11:06.422 [Test worker] DEBUG com.intuit.karate - request:
1 > GET http://api.geonames.org/timezoneJSON?lng=a&formatted=true&lat=8&username=karate
1 > Host: api.geonames.org
1 > Connection: Keep-Alive
1 > User-Agent: Apache-HttpClient/4.5.13 (Java/11.0.14.1)
1 > Accept-Encoding: gzip,deflate


13:11:06.856 [Test worker] DEBUG com.intuit.karate - response time in milliseconds: 432
1 < 200
1 < Date: Tue, 02 Jan 2024 19:11:06 GMT
1 < Server: Apache/2.4.6 (CentOS) mod_jk/1.2.41 OpenSSL/1.0.1e-fips PHP/5.4.16
1 < Access-Control-Allow-Origin: *
1 < X-Frame-Options: sameorigin
1 < Cache-Control: no-cache
1 < Content-Length: 69
1 < Keep-Alive: timeout=5, max=100
1 < Connection: Keep-Alive
1 < Content-Type: application/json;charset=UTF-8
{"status": {
  "message": "error parsing parameter",
  "value": 14
}}

13:11:06.910 [Test worker] DEBUG com.intuit.karate - request:
1 > GET http://api.geonames.org/timezoneJSON?lng=-5&formatted=true&lat=.&username=karate
1 > Host: api.geonames.org
1 > Connection: Keep-Alive
1 > User-Agent: Apache-HttpClient/4.5.13 (Java/11.0.14.1)
1 > Accept-Encoding: gzip,deflate


13:11:07.360 [Test worker] DEBUG com.intuit.karate - response time in milliseconds: 449
1 < 200
1 < Date: Tue, 02 Jan 2024 19:11:07 GMT
1 < Server: Apache/2.4.6 (CentOS) mod_jk/1.2.41 OpenSSL/1.0.1e-fips PHP/5.4.16
1 < Access-Control-Allow-Origin: *
1 < X-Frame-Options: sameorigin
1 < Cache-Control: no-cache
1 < Content-Length: 69
1 < Keep-Alive: timeout=5, max=100
1 < Connection: Keep-Alive
1 < Content-Type: application/json;charset=UTF-8
{"status": {
  "message": "error parsing parameter",
  "value": 14
}}

13:11:07.436 [Test worker] DEBUG com.intuit.karate - request:
1 > GET http://api.geonames.org/timezoneJSON?lng=aas&formatted=true&lat=%25%26%24&username=karate
1 > Host: api.geonames.org
1 > Connection: Keep-Alive
1 > User-Agent: Apache-HttpClient/4.5.13 (Java/11.0.14.1)
1 > Accept-Encoding: gzip,deflate


13:11:07.797 [Test worker] DEBUG com.intuit.karate - response time in milliseconds: 358
1 < 200
1 < Date: Tue, 02 Jan 2024 19:11:07 GMT
1 < Server: Apache/2.4.6 (CentOS) mod_jk/1.2.41 OpenSSL/1.0.1e-fips PHP/5.4.16
1 < Access-Control-Allow-Origin: *
1 < X-Frame-Options: sameorigin
1 < Cache-Control: no-cache
1 < Content-Length: 69
1 < Keep-Alive: timeout=5, max=100
1 < Connection: Keep-Alive
1 < Content-Type: application/json;charset=UTF-8
{"status": {
  "message": "error parsing parameter",
  "value": 14
}}

13:11:07.841 [Test worker] DEBUG com.intuit.karate - request:
1 > GET http://api.geonames.org/timezoneJSON?lng=-a8f&formatted=true&lat=8&username=karate
1 > Host: api.geonames.org
1 > Connection: Keep-Alive
1 > User-Agent: Apache-HttpClient/4.5.13 (Java/11.0.14.1)
1 > Accept-Encoding: gzip,deflate


13:11:08.224 [Test worker] DEBUG com.intuit.karate - response time in milliseconds: 381
1 < 200
1 < Date: Tue, 02 Jan 2024 19:11:08 GMT
1 < Server: Apache/2.4.6 (CentOS) mod_jk/1.2.41 OpenSSL/1.0.1e-fips PHP/5.4.16
1 < Access-Control-Allow-Origin: *
1 < X-Frame-Options: sameorigin
1 < Cache-Control: no-cache
1 < Content-Length: 69
1 < Keep-Alive: timeout=5, max=100
1 < Connection: Keep-Alive
1 < Content-Type: application/json;charset=UTF-8
{"status": {
  "message": "error parsing parameter",
  "value": 14
}}

13:11:08.275 [Test worker] DEBUG com.intuit.karate - request:
1 > GET http://api.geonames.org/timezoneJSON?lng=70&formatted=true&lat=90&username=karate
1 > Host: api.geonames.org
1 > Connection: Keep-Alive
1 > User-Agent: Apache-HttpClient/4.5.13 (Java/11.0.14.1)
1 > Accept-Encoding: gzip,deflate


13:11:08.697 [Test worker] DEBUG com.intuit.karate - response time in milliseconds: 414
1 < 200
1 < Date: Tue, 02 Jan 2024 19:11:08 GMT
1 < Server: Apache/2.4.6 (CentOS) mod_jk/1.2.41 OpenSSL/1.0.1e-fips PHP/5.4.16
1 < Access-Control-Allow-Origin: *
1 < X-Frame-Options: sameorigin
1 < Cache-Control: no-cache
1 < Content-Length: 87
1 < Keep-Alive: timeout=5, max=100
1 < Connection: Keep-Alive
1 < Content-Type: application/json;charset=UTF-8
{"status": {
  "message": "no timezone information found for lat/lng",
  "value": 15
}}

13:11:08.746 [Test worker] DEBUG com.intuit.karate - request:
1 > GET http://api.geonames.org/timezoneJSON?lng=99&formatted=true&lat=90&username=karate
1 > Host: api.geonames.org
1 > Connection: Keep-Alive
1 > User-Agent: Apache-HttpClient/4.5.13 (Java/11.0.14.1)
1 > Accept-Encoding: gzip,deflate


13:11:09.108 [Test worker] DEBUG com.intuit.karate - response time in milliseconds: 360
1 < 200
1 < Date: Tue, 02 Jan 2024 19:11:08 GMT
1 < Server: Apache/2.4.6 (CentOS) mod_jk/1.2.41 OpenSSL/1.0.1e-fips PHP/5.4.16
1 < Access-Control-Allow-Origin: *
1 < X-Frame-Options: sameorigin
1 < Cache-Control: no-cache
1 < Content-Length: 87
1 < Keep-Alive: timeout=5, max=100
1 < Connection: Keep-Alive
1 < Content-Type: application/json;charset=UTF-8
{"status": {
  "message": "no timezone information found for lat/lng",
  "value": 15
}}

13:11:09.158 [Test worker] DEBUG com.intuit.karate - request:
1 > GET http://api.geonames.org/timezoneJSON?lng=901&formatted=true&lat=81&username=karate
1 > Host: api.geonames.org
1 > Connection: Keep-Alive
1 > User-Agent: Apache-HttpClient/4.5.13 (Java/11.0.14.1)
1 > Accept-Encoding: gzip,deflate


13:11:09.618 [Test worker] DEBUG com.intuit.karate - response time in milliseconds: 458
1 < 200
1 < Date: Tue, 02 Jan 2024 19:11:09 GMT
1 < Server: Apache/2.4.6 (CentOS) mod_jk/1.2.41 OpenSSL/1.0.1e-fips PHP/5.4.16
1 < Access-Control-Allow-Origin: *
1 < X-Frame-Options: sameorigin
1 < Cache-Control: no-cache
1 < Content-Length: 61
1 < Keep-Alive: timeout=5, max=100
1 < Connection: Keep-Alive
1 < Content-Type: application/json;charset=UTF-8
{"status": {
  "message": "invalid lat/lng",
  "value": 14
}}

13:11:09.634 [Test worker] DEBUG com.intuit.karate - request:
1 > GET http://api.geonames.org/timezoneJSON?lng=801&formatted=true&lat=700&username=karate
1 > Host: api.geonames.org
1 > Connection: Keep-Alive
1 > User-Agent: Apache-HttpClient/4.5.13 (Java/11.0.14.1)
1 > Accept-Encoding: gzip,deflate


13:11:10.024 [Test worker] DEBUG com.intuit.karate - response time in milliseconds: 389
1 < 200
1 < Date: Tue, 02 Jan 2024 19:11:09 GMT
1 < Server: Apache/2.4.6 (CentOS) mod_jk/1.2.41 OpenSSL/1.0.1e-fips PHP/5.4.16
1 < Access-Control-Allow-Origin: *
1 < X-Frame-Options: sameorigin
1 < Cache-Control: no-cache
1 < Content-Length: 61
1 < Keep-Alive: timeout=5, max=100
1 < Connection: Keep-Alive
1 < Content-Type: application/json;charset=UTF-8
{"status": {
  "message": "invalid lat/lng",
  "value": 14
}}

13:11:11.972 [Test worker] DEBUG com.intuit.karate.Suite - [config] classpath:karate-config.js
13:11:11.978 [Test worker] INFO  com.intuit.karate.Suite - backed up existing 'build/karate-reports' dir to: build/karate-reports_1704222671977
13:11:12.046 [pool-1-thread-2] DEBUG com.intuit.karate - request:
1 > GET http://api.geonames.org/timezoneJSON?lng=-8&formatted=true&lat=8&username=karate
1 > Host: api.geonames.org
1 > Connection: Keep-Alive
1 > User-Agent: Apache-HttpClient/4.5.13 (Java/11.0.14.1)
1 > Accept-Encoding: gzip,deflate


13:11:12.058 [pool-1-thread-3] DEBUG com.intuit.karate - request:
1 > GET http://api.geonames.org/timezoneJSON?lng=-72.5&formatted=true&lat=4.2&username=karate
1 > Host: api.geonames.org
1 > Connection: Keep-Alive
1 > User-Agent: Apache-HttpClient/4.5.13 (Java/11.0.14.1)
1 > Accept-Encoding: gzip,deflate


13:11:12.066 [pool-1-thread-1] DEBUG com.intuit.karate - request:
1 > GET http://api.geonames.org/timezoneJSON?lng=-72&formatted=true&lat=4&username=karate
1 > Host: api.geonames.org
1 > Connection: Keep-Alive
1 > User-Agent: Apache-HttpClient/4.5.13 (Java/11.0.14.1)
1 > Accept-Encoding: gzip,deflate


13:11:12.069 [pool-1-thread-4] DEBUG com.intuit.karate - request:
1 > GET http://api.geonames.org/timezoneJSON?lng=-72&formatted=true&lat=0&username=karate
1 > Host: api.geonames.org
1 > Connection: Keep-Alive
1 > User-Agent: Apache-HttpClient/4.5.13 (Java/11.0.14.1)
1 > Accept-Encoding: gzip,deflate


13:11:12.439 [pool-1-thread-2] DEBUG com.intuit.karate - response time in milliseconds: 387
1 < 200
1 < Date: Tue, 02 Jan 2024 19:11:12 GMT
1 < Server: Apache/2.4.6 (CentOS) mod_jk/1.2.41 OpenSSL/1.0.1e-fips PHP/5.4.16
1 < Access-Control-Allow-Origin: *
1 < X-Frame-Options: sameorigin
1 < Cache-Control: no-cache
1 < Keep-Alive: timeout=5, max=100
1 < Connection: Keep-Alive
1 < Transfer-Encoding: chunked
1 < Content-Type: application/json;charset=UTF-8
{
  "sunrise": "2024-01-02 06:45",
  "lng": -8,
  "countryCode": "CI",
  "gmtOffset": 0,
  "rawOffset": 0,
  "sunset": "2024-01-02 18:25",
  "timezoneId": "Africa/Abidjan",
  "dstOffset": 0,
  "countryName": "Ivory Coast",
  "time": "2024-01-02 19:11",
  "lat": 8
}

13:11:12.447 [pool-1-thread-1] DEBUG com.intuit.karate - response time in milliseconds: 381
1 < 200
1 < Date: Tue, 02 Jan 2024 19:11:12 GMT
1 < Server: Apache/2.4.6 (CentOS) mod_jk/1.2.41 OpenSSL/1.0.1e-fips PHP/5.4.16
1 < Access-Control-Allow-Origin: *
1 < X-Frame-Options: sameorigin
1 < Cache-Control: no-cache
1 < Keep-Alive: timeout=5, max=100
1 < Connection: Keep-Alive
1 < Transfer-Encoding: chunked
1 < Content-Type: application/json;charset=UTF-8
{
  "sunrise": "2024-01-02 05:54",
  "lng": -72,
  "countryCode": "CO",
  "gmtOffset": -5,
  "rawOffset": -5,
  "sunset": "2024-01-02 17:48",
  "timezoneId": "America/Bogota",
  "dstOffset": -5,
  "countryName": "Colombia",
  "time": "2024-01-02 14:11",
  "lat": 4
}

13:11:12.449 [pool-1-thread-3] DEBUG com.intuit.karate - response time in milliseconds: 391
1 < 200
1 < Date: Tue, 02 Jan 2024 19:11:12 GMT
1 < Server: Apache/2.4.6 (CentOS) mod_jk/1.2.41 OpenSSL/1.0.1e-fips PHP/5.4.16
1 < Access-Control-Allow-Origin: *
1 < X-Frame-Options: sameorigin
1 < Cache-Control: no-cache
1 < Keep-Alive: timeout=5, max=100
1 < Connection: Keep-Alive
1 < Transfer-Encoding: chunked
1 < Content-Type: application/json;charset=UTF-8
{
  "sunrise": "2024-01-02 05:57",
  "lng": -72.5,
  "countryCode": "CO",
  "gmtOffset": -5,
  "rawOffset": -5,
  "sunset": "2024-01-02 17:50",
  "timezoneId": "America/Bogota",
  "dstOffset": -5,
  "countryName": "Colombia",
  "time": "2024-01-02 14:11",
  "lat": 4.2
}

13:11:12.457 [pool-1-thread-2] DEBUG com.intuit.karate - request:
1 > GET http://api.geonames.org/timezoneJSON?lng=-8f&formatted=true&lat=8&username=karate
1 > Host: api.geonames.org
1 > Connection: Keep-Alive
1 > User-Agent: Apache-HttpClient/4.5.13 (Java/11.0.14.1)
1 > Accept-Encoding: gzip,deflate


13:11:12.459 [pool-1-thread-4] DEBUG com.intuit.karate - response time in milliseconds: 390
1 < 200
1 < Date: Tue, 02 Jan 2024 19:11:12 GMT
1 < Server: Apache/2.4.6 (CentOS) mod_jk/1.2.41 OpenSSL/1.0.1e-fips PHP/5.4.16
1 < Access-Control-Allow-Origin: *
1 < X-Frame-Options: sameorigin
1 < Cache-Control: no-cache
1 < Keep-Alive: timeout=5, max=100
1 < Connection: Keep-Alive
1 < Transfer-Encoding: chunked
1 < Content-Type: application/json;charset=UTF-8
{
  "sunrise": "2024-01-02 05:48",
  "lng": -72,
  "countryCode": "CO",
  "gmtOffset": -5,
  "rawOffset": -5,
  "sunset": "2024-01-02 17:55",
  "timezoneId": "America/Bogota",
  "dstOffset": -5,
  "countryName": "Colombia",
  "time": "2024-01-02 14:11",
  "lat": 0
}

13:11:12.469 [pool-1-thread-3] DEBUG com.intuit.karate - request:
1 > GET http://api.geonames.org/timezoneJSON?lng=-74&formatted=true&lat=4&username=karate
1 > Host: api.geonames.org
1 > Connection: Keep-Alive
1 > User-Agent: Apache-HttpClient/4.5.13 (Java/11.0.14.1)
1 > Accept-Encoding: gzip,deflate


13:11:12.470 [pool-1-thread-1] DEBUG com.intuit.karate - request:
1 > GET http://api.geonames.org/timezoneJSON?lng=80&formatted=true&lat=-75&username=karate
1 > Host: api.geonames.org
1 > Connection: Keep-Alive
1 > User-Agent: Apache-HttpClient/4.5.13 (Java/11.0.14.1)
1 > Accept-Encoding: gzip,deflate


13:11:12.471 [pool-1-thread-4] DEBUG com.intuit.karate - request:
1 > GET http://api.geonames.org/timezoneJSON?lng=-72&formatted=true&lat=%C3%B1&username=karate
1 > Host: api.geonames.org
1 > Connection: Keep-Alive
1 > User-Agent: Apache-HttpClient/4.5.13 (Java/11.0.14.1)
1 > Accept-Encoding: gzip,deflate


13:11:12.899 [pool-1-thread-4] DEBUG com.intuit.karate - response time in milliseconds: 427
1 < 200
1 < Date: Tue, 02 Jan 2024 19:11:12 GMT
1 < Server: Apache/2.4.6 (CentOS) mod_jk/1.2.41 OpenSSL/1.0.1e-fips PHP/5.4.16
1 < Access-Control-Allow-Origin: *
1 < X-Frame-Options: sameorigin
1 < Cache-Control: no-cache
1 < Content-Length: 69
1 < Keep-Alive: timeout=5, max=100
1 < Connection: Keep-Alive
1 < Content-Type: application/json;charset=UTF-8
{"status": {
  "message": "error parsing parameter",
  "value": 14
}}

13:11:12.899 [pool-1-thread-2] DEBUG com.intuit.karate - response time in milliseconds: 442
1 < 200
1 < Date: Tue, 02 Jan 2024 19:11:12 GMT
1 < Server: Apache/2.4.6 (CentOS) mod_jk/1.2.41 OpenSSL/1.0.1e-fips PHP/5.4.16
1 < Access-Control-Allow-Origin: *
1 < X-Frame-Options: sameorigin
1 < Cache-Control: no-cache
1 < Keep-Alive: timeout=5, max=100
1 < Connection: Keep-Alive
1 < Transfer-Encoding: chunked
1 < Content-Type: application/json;charset=UTF-8
{
  "sunrise": "2024-01-02 06:45",
  "lng": -8,
  "countryCode": "CI",
  "gmtOffset": 0,
  "rawOffset": 0,
  "sunset": "2024-01-02 18:25",
  "timezoneId": "Africa/Abidjan",
  "dstOffset": 0,
  "countryName": "Ivory Coast",
  "time": "2024-01-02 19:11",
  "lat": 8
}

13:11:12.899 [pool-1-thread-3] DEBUG com.intuit.karate - response time in milliseconds: 429
1 < 200
1 < Date: Tue, 02 Jan 2024 19:11:12 GMT
1 < Server: Apache/2.4.6 (CentOS) mod_jk/1.2.41 OpenSSL/1.0.1e-fips PHP/5.4.16
1 < Access-Control-Allow-Origin: *
1 < X-Frame-Options: sameorigin
1 < Cache-Control: no-cache
1 < Keep-Alive: timeout=5, max=100
1 < Connection: Keep-Alive
1 < Transfer-Encoding: chunked
1 < Content-Type: application/json;charset=UTF-8
{
  "sunrise": "2024-01-02 06:02",
  "lng": -74,
  "countryCode": "CO",
  "gmtOffset": -5,
  "rawOffset": -5,
  "sunset": "2024-01-02 17:56",
  "timezoneId": "America/Bogota",
  "dstOffset": -5,
  "countryName": "Colombia",
  "time": "2024-01-02 14:11",
  "lat": 4
}

13:11:12.903 [pool-1-thread-1] DEBUG com.intuit.karate - response time in milliseconds: 432
1 < 200
1 < Date: Tue, 02 Jan 2024 19:11:12 GMT
1 < Server: Apache/2.4.6 (CentOS) mod_jk/1.2.41 OpenSSL/1.0.1e-fips PHP/5.4.16
1 < Access-Control-Allow-Origin: *
1 < X-Frame-Options: sameorigin
1 < Cache-Control: no-cache
1 < Keep-Alive: timeout=5, max=100
1 < Connection: Keep-Alive
1 < Transfer-Encoding: chunked
1 < Content-Type: application/json;charset=UTF-8
{
  "lng": 80,
  "countryCode": "AQ",
  "gmtOffset": 7,
  "rawOffset": 7,
  "timezoneId": "Antarctica/Davis",
  "dstOffset": 7,
  "countryName": "Antarctica",
  "time": "2024-01-03 02:11",
  "lat": -75
}

13:11:12.933 [pool-1-thread-3] DEBUG com.intuit.karate - request:
1 > GET http://api.geonames.org/timezoneJSON?lng=-5&formatted=true&lat=.&username=karate
1 > Host: api.geonames.org
1 > Connection: Keep-Alive
1 > User-Agent: Apache-HttpClient/4.5.13 (Java/11.0.14.1)
1 > Accept-Encoding: gzip,deflate


13:11:12.937 [pool-1-thread-2] DEBUG com.intuit.karate - request:
1 > GET http://api.geonames.org/timezoneJSON?lng=a&formatted=true&lat=8&username=karate
1 > Host: api.geonames.org
1 > Connection: Keep-Alive
1 > User-Agent: Apache-HttpClient/4.5.13 (Java/11.0.14.1)
1 > Accept-Encoding: gzip,deflate


13:11:12.939 [pool-1-thread-4] DEBUG com.intuit.karate - request:
1 > GET http://api.geonames.org/timezoneJSON?lng=-a8f&formatted=true&lat=8&username=karate
1 > Host: api.geonames.org
1 > Connection: Keep-Alive
1 > User-Agent: Apache-HttpClient/4.5.13 (Java/11.0.14.1)
1 > Accept-Encoding: gzip,deflate


13:11:12.941 [pool-1-thread-1] DEBUG com.intuit.karate - request:
1 > GET http://api.geonames.org/timezoneJSON?lng=aas&formatted=true&lat=%25%26%24&username=karate
1 > Host: api.geonames.org
1 > Connection: Keep-Alive
1 > User-Agent: Apache-HttpClient/4.5.13 (Java/11.0.14.1)
1 > Accept-Encoding: gzip,deflate


13:11:13.308 [pool-1-thread-3] DEBUG com.intuit.karate - response time in milliseconds: 375
1 < 200
1 < Date: Tue, 02 Jan 2024 19:11:13 GMT
1 < Server: Apache/2.4.6 (CentOS) mod_jk/1.2.41 OpenSSL/1.0.1e-fips PHP/5.4.16
1 < Access-Control-Allow-Origin: *
1 < X-Frame-Options: sameorigin
1 < Cache-Control: no-cache
1 < Content-Length: 69
1 < Keep-Alive: timeout=5, max=100
1 < Connection: Keep-Alive
1 < Content-Type: application/json;charset=UTF-8
{"status": {
  "message": "error parsing parameter",
  "value": 14
}}

13:11:13.308 [pool-1-thread-4] DEBUG com.intuit.karate - response time in milliseconds: 369
1 < 200
1 < Date: Tue, 02 Jan 2024 19:11:13 GMT
1 < Server: Apache/2.4.6 (CentOS) mod_jk/1.2.41 OpenSSL/1.0.1e-fips PHP/5.4.16
1 < Access-Control-Allow-Origin: *
1 < X-Frame-Options: sameorigin
1 < Cache-Control: no-cache
1 < Content-Length: 69
1 < Keep-Alive: timeout=5, max=100
1 < Connection: Keep-Alive
1 < Content-Type: application/json;charset=UTF-8
{"status": {
  "message": "error parsing parameter",
  "value": 14
}}

13:11:13.308 [pool-1-thread-1] DEBUG com.intuit.karate - response time in milliseconds: 367
1 < 200
1 < Date: Tue, 02 Jan 2024 19:11:13 GMT
1 < Server: Apache/2.4.6 (CentOS) mod_jk/1.2.41 OpenSSL/1.0.1e-fips PHP/5.4.16
1 < Access-Control-Allow-Origin: *
1 < X-Frame-Options: sameorigin
1 < Cache-Control: no-cache
1 < Content-Length: 69
1 < Keep-Alive: timeout=5, max=100
1 < Connection: Keep-Alive
1 < Content-Type: application/json;charset=UTF-8
{"status": {
  "message": "error parsing parameter",
  "value": 14
}}

13:11:13.308 [pool-1-thread-2] DEBUG com.intuit.karate - response time in milliseconds: 371
1 < 200
1 < Date: Tue, 02 Jan 2024 19:11:13 GMT
1 < Server: Apache/2.4.6 (CentOS) mod_jk/1.2.41 OpenSSL/1.0.1e-fips PHP/5.4.16
1 < Access-Control-Allow-Origin: *
1 < X-Frame-Options: sameorigin
1 < Cache-Control: no-cache
1 < Content-Length: 69
1 < Keep-Alive: timeout=5, max=100
1 < Connection: Keep-Alive
1 < Content-Type: application/json;charset=UTF-8
{"status": {
  "message": "error parsing parameter",
  "value": 14
}}

13:11:13.338 [pool-1-thread-4] DEBUG com.intuit.karate - request:
1 > GET http://api.geonames.org/timezoneJSON?lng=70&formatted=true&lat=90&username=karate
1 > Host: api.geonames.org
1 > Connection: Keep-Alive
1 > User-Agent: Apache-HttpClient/4.5.13 (Java/11.0.14.1)
1 > Accept-Encoding: gzip,deflate


13:11:13.345 [pool-1-thread-2] DEBUG com.intuit.karate - request:
1 > GET http://api.geonames.org/timezoneJSON?lng=801&formatted=true&lat=700&username=karate
1 > Host: api.geonames.org
1 > Connection: Keep-Alive
1 > User-Agent: Apache-HttpClient/4.5.13 (Java/11.0.14.1)
1 > Accept-Encoding: gzip,deflate


13:11:13.346 [pool-1-thread-3] DEBUG com.intuit.karate - request:
1 > GET http://api.geonames.org/timezoneJSON?lng=901&formatted=true&lat=81&username=karate
1 > Host: api.geonames.org
1 > Connection: Keep-Alive
1 > User-Agent: Apache-HttpClient/4.5.13 (Java/11.0.14.1)
1 > Accept-Encoding: gzip,deflate


13:11:13.347 [pool-1-thread-1] DEBUG com.intuit.karate - request:
1 > GET http://api.geonames.org/timezoneJSON?lng=99&formatted=true&lat=90&username=karate
1 > Host: api.geonames.org
1 > Connection: Keep-Alive
1 > User-Agent: Apache-HttpClient/4.5.13 (Java/11.0.14.1)
1 > Accept-Encoding: gzip,deflate


13:11:13.818 [pool-1-thread-4] DEBUG com.intuit.karate - response time in milliseconds: 478
1 < 200
1 < Date: Tue, 02 Jan 2024 19:11:13 GMT
1 < Server: Apache/2.4.6 (CentOS) mod_jk/1.2.41 OpenSSL/1.0.1e-fips PHP/5.4.16
1 < Access-Control-Allow-Origin: *
1 < X-Frame-Options: sameorigin
1 < Cache-Control: no-cache
1 < Content-Length: 87
1 < Keep-Alive: timeout=5, max=100
1 < Connection: Keep-Alive
1 < Content-Type: application/json;charset=UTF-8
{"status": {
  "message": "no timezone information found for lat/lng",
  "value": 15
}}

13:11:13.818 [pool-1-thread-1] DEBUG com.intuit.karate - response time in milliseconds: 468
1 < 200
1 < Date: Tue, 02 Jan 2024 19:11:13 GMT
1 < Server: Apache/2.4.6 (CentOS) mod_jk/1.2.41 OpenSSL/1.0.1e-fips PHP/5.4.16
1 < Access-Control-Allow-Origin: *
1 < X-Frame-Options: sameorigin
1 < Cache-Control: no-cache
1 < Content-Length: 87
1 < Keep-Alive: timeout=5, max=100
1 < Connection: Keep-Alive
1 < Content-Type: application/json;charset=UTF-8
{"status": {
  "message": "no timezone information found for lat/lng",
  "value": 15
}}

13:11:13.820 [pool-1-thread-2] DEBUG com.intuit.karate - response time in milliseconds: 472
1 < 200
1 < Date: Tue, 02 Jan 2024 19:11:13 GMT
1 < Server: Apache/2.4.6 (CentOS) mod_jk/1.2.41 OpenSSL/1.0.1e-fips PHP/5.4.16
1 < Access-Control-Allow-Origin: *
1 < X-Frame-Options: sameorigin
1 < Cache-Control: no-cache
1 < Content-Length: 61
1 < Keep-Alive: timeout=5, max=100
1 < Connection: Keep-Alive
1 < Content-Type: application/json;charset=UTF-8
{"status": {
  "message": "invalid lat/lng",
  "value": 14
}}

13:11:13.818 [pool-1-thread-3] DEBUG com.intuit.karate - response time in milliseconds: 468
1 < 200
1 < Date: Tue, 02 Jan 2024 19:11:13 GMT
1 < Server: Apache/2.4.6 (CentOS) mod_jk/1.2.41 OpenSSL/1.0.1e-fips PHP/5.4.16
1 < Access-Control-Allow-Origin: *
1 < X-Frame-Options: sameorigin
1 < Cache-Control: no-cache
1 < Content-Length: 61
1 < Keep-Alive: timeout=5, max=100
1 < Connection: Keep-Alive
1 < Content-Type: application/json;charset=UTF-8
{"status": {
  "message": "invalid lat/lng",
  "value": 14
}}

13:11:14.169 [pool-2-thread-1] INFO  com.intuit.karate.Suite - <<pass>> feature 1 of 1 (0 remaining) classpath:geonames/get/geographical-data-get.feature
13:11:15.305 [Test worker] DEBUG com.intuit.karate.Suite - [config] classpath:karate-config.js
13:11:15.313 [Test worker] DEBUG com.intuit.karate - request:
1 > GET https://reqres.in/api/users/1
1 > Host: reqres.in
1 > Connection: Keep-Alive
1 > User-Agent: Apache-HttpClient/4.5.13 (Java/11.0.14.1)
1 > Accept-Encoding: gzip,deflate


13:11:15.662 [Test worker] DEBUG com.intuit.karate - response time in milliseconds: 349
1 < 200
1 < Date: Tue, 02 Jan 2024 19:11:15 GMT
1 < Content-Type: application/json; charset=utf-8
1 < Transfer-Encoding: chunked
1 < Connection: keep-alive
1 < Report-To: {"group":"heroku-nel","max_age":3600,"endpoints":[{"url":"https://nel.heroku.com/reports?ts=1702889978&sid=c4c9725f-1ab0-44d8-820f-430df2718e11&s=iMizsBd4QzpwL4d0PwWvPU5yKPPEX7IBWCJLFdi%2FUk0%3D"}]}
1 < Reporting-Endpoints: heroku-nel=https://nel.heroku.com/reports?ts=1702889978&sid=c4c9725f-1ab0-44d8-820f-430df2718e11&s=iMizsBd4QzpwL4d0PwWvPU5yKPPEX7IBWCJLFdi%2FUk0%3D
1 < Nel: {"report_to":"heroku-nel","max_age":3600,"success_fraction":0.005,"failure_fraction":0.05,"response_headers":["Via"]}
1 < X-Powered-By: Express
1 < Access-Control-Allow-Origin: *
1 < Etag: W/"118-P3iKcVpIgCj9HqYeOOrGLX8qJVc"
1 < Via: 1.1 vegur
1 < Cache-Control: max-age=14400
1 < CF-Cache-Status: HIT
1 < Age: 3924
1 < Vary: Accept-Encoding
1 < Server: cloudflare
1 < CF-RAY: 83f54e8a7c762bb3-ORD
{"data":{"id":1,"email":"george.bluth@reqres.in","first_name":"George","last_name":"Bluth","avatar":"https://reqres.in/img/faces/1-image.jpg"},"support":{"url":"https://reqres.in/#support-heading","text":"To keep ReqRes free, contributions towards server costs are appreciated!"}}

13:11:15.671 [Test worker] DEBUG com.intuit.karate - request:
1 > GET https://reqres.in/api/users?page=1
1 > Host: reqres.in
1 > Connection: Keep-Alive
1 > User-Agent: Apache-HttpClient/4.5.13 (Java/11.0.14.1)
1 > Accept-Encoding: gzip,deflate


13:11:15.760 [Test worker] DEBUG com.intuit.karate - response time in milliseconds: 89
1 < 200
1 < Date: Tue, 02 Jan 2024 19:11:15 GMT
1 < Content-Type: application/json; charset=utf-8
1 < Transfer-Encoding: chunked
1 < Connection: keep-alive
1 < Report-To: {"group":"heroku-nel","max_age":3600,"endpoints":[{"url":"https://nel.heroku.com/reports?ts=1701958963&sid=c4c9725f-1ab0-44d8-820f-430df2718e11&s=gp%2B1QGHKrIu7g4QwOV4dNX5N%2F6d0Cb4Au0agIGBy45U%3D"}]}
1 < Reporting-Endpoints: heroku-nel=https://nel.heroku.com/reports?ts=1701958963&sid=c4c9725f-1ab0-44d8-820f-430df2718e11&s=gp%2B1QGHKrIu7g4QwOV4dNX5N%2F6d0Cb4Au0agIGBy45U%3D
1 < Nel: {"report_to":"heroku-nel","max_age":3600,"success_fraction":0.005,"failure_fraction":0.05,"response_headers":["Via"]}
1 < X-Powered-By: Express
1 < Access-Control-Allow-Origin: *
1 < Etag: W/"3e4-2RLXvr5wTg9YQ6aH95CkYoFNuO8"
1 < Via: 1.1 vegur
1 < Cache-Control: max-age=14400
1 < CF-Cache-Status: HIT
1 < Age: 1420
1 < Vary: Accept-Encoding
1 < Server: cloudflare
1 < CF-RAY: 83f54e8b1f4961c7-ORD
{"page":1,"per_page":6,"total":12,"total_pages":2,"data":[{"id":1,"email":"george.bluth@reqres.in","first_name":"George","last_name":"Bluth","avatar":"https://reqres.in/img/faces/1-image.jpg"},{"id":2,"email":"janet.weaver@reqres.in","first_name":"Janet","last_name":"Weaver","avatar":"https://reqres.in/img/faces/2-image.jpg"},{"id":3,"email":"emma.wong@reqres.in","first_name":"Emma","last_name":"Wong","avatar":"https://reqres.in/img/faces/3-image.jpg"},{"id":4,"email":"eve.holt@reqres.in","first_name":"Eve","last_name":"Holt","avatar":"https://reqres.in/img/faces/4-image.jpg"},{"id":5,"email":"charles.morris@reqres.in","first_name":"Charles","last_name":"Morris","avatar":"https://reqres.in/img/faces/5-image.jpg"},{"id":6,"email":"tracey.ramos@reqres.in","first_name":"Tracey","last_name":"Ramos","avatar":"https://reqres.in/img/faces/6-image.jpg"}],"support":{"url":"https://reqres.in/#support-heading","text":"To keep ReqRes free, contributions towards server costs are appreciated!"}}

